  [1m[36m (1.7ms)[0m  [1mCREATE TABLE "schema_migrations" ("version" varchar NOT NULL) [0m
  [1m[35m (0.1ms)[0m  select sqlite_version(*)
  [1m[36m (1.6ms)[0m  [1mCREATE UNIQUE INDEX "unique_schema_migrations" ON "schema_migrations" ("version")[0m
  [1m[35mActiveRecord::SchemaMigration Load (0.1ms)[0m  SELECT "schema_migrations".* FROM "schema_migrations"


Started GET "/" for ::1 at 2015-11-17 17:47:54 -0600
Processing by Rails::WelcomeController#index as HTML
  Rendered /Users/admin/.rvm/gems/ruby-2.1.2/gems/railties-4.2.3/lib/rails/templates/rails/welcome/index.html.erb (2.8ms)
Completed 200 OK in 27ms (Views: 19.4ms | ActiveRecord: 0.0ms)
  [1m[36mActiveRecord::SchemaMigration Load (0.1ms)[0m  [1mSELECT "schema_migrations".* FROM "schema_migrations"[0m
Migrating to CreateStudents (1)
  [1m[35m (0.1ms)[0m  begin transaction
  [1m[36m (0.4ms)[0m  [1mCREATE TABLE "students" ("id" INTEGER PRIMARY KEY AUTOINCREMENT NOT NULL, "first_name" varchar, "last_name" varchar, "created_at" datetime NOT NULL, "updated_at" datetime NOT NULL) [0m
  [1m[35mSQL (0.3ms)[0m  INSERT INTO "schema_migrations" ("version") VALUES (?)  [["version", "1"]]
  [1m[36m (1.4ms)[0m  [1mcommit transaction[0m
  [1m[35mActiveRecord::SchemaMigration Load (0.1ms)[0m  SELECT "schema_migrations".* FROM "schema_migrations"
  [1m[36m (0.1ms)[0m  [1mbegin transaction[0m
  [1m[35mSQL (0.3ms)[0m  INSERT INTO "students" ("first_name", "last_name", "created_at", "updated_at") VALUES (?, ?, ?, ?)  [["first_name", "Jordan"], ["last_name", "Hudgens"], ["created_at", "2015-11-18 00:10:55.545365"], ["updated_at", "2015-11-18 00:10:55.545365"]]
  [1m[36m (2.9ms)[0m  [1mcommit transaction[0m
  [1m[35mStudent Load (0.2ms)[0m  SELECT  "students".* FROM "students"  ORDER BY "students"."id" DESC LIMIT 1
  [1m[36m (0.1ms)[0m  [1mbegin transaction[0m
  [1m[35mSQL (0.3ms)[0m  INSERT INTO "students" ("created_at", "updated_at") VALUES (?, ?)  [["created_at", "2015-11-18 00:17:49.095449"], ["updated_at", "2015-11-18 00:17:49.095449"]]
  [1m[36m (1.2ms)[0m  [1mcommit transaction[0m
  [1m[35mStudent Load (0.2ms)[0m  SELECT  "students".* FROM "students"  ORDER BY "students"."id" DESC LIMIT 1
  [1m[36mActiveRecord::SchemaMigration Load (0.1ms)[0m  [1mSELECT "schema_migrations".* FROM "schema_migrations"[0m
  [1m[35mActiveRecord::SchemaMigration Load (0.1ms)[0m  SELECT "schema_migrations".* FROM "schema_migrations"


Started GET "/" for ::1 at 2015-11-18 13:36:42 -0600
  [1m[36mActiveRecord::SchemaMigration Load (0.1ms)[0m  [1mSELECT "schema_migrations".* FROM "schema_migrations"[0m
Processing by Rails::WelcomeController#index as HTML
  Rendered /Users/admin/.rvm/gems/ruby-2.1.2/gems/railties-4.2.3/lib/rails/templates/rails/welcome/index.html.erb (2.4ms)
Completed 200 OK in 39ms (Views: 24.5ms | ActiveRecord: 0.0ms)


Started GET "/" for ::1 at 2015-11-18 13:37:10 -0600
Processing by Rails::WelcomeController#index as HTML
  Rendered /Users/admin/.rvm/gems/ruby-2.1.2/gems/railties-4.2.3/lib/rails/templates/rails/welcome/index.html.erb (0.0ms)
Completed 200 OK in 1ms (Views: 0.7ms | ActiveRecord: 0.0ms)
  [1m[36mActiveRecord::SchemaMigration Load (0.1ms)[0m  [1mSELECT "schema_migrations".* FROM "schema_migrations"[0m
  [1m[35mActiveRecord::SchemaMigration Load (0.1ms)[0m  SELECT "schema_migrations".* FROM "schema_migrations"
Started GET "/" for 64.231.138.4 at 2018-06-10 19:13:20 +0000
DEPRECATION WARNING: ActiveRecord::Base.raise_in_transactional_callbacks= is deprecated, has no effect and will be removed without replacement. (called from load at /usr/local/rvm/gems/ruby-2.3.1/bin/shotgun:23)
  
ActiveRecord::PendingMigrationError (

Migrations are pending. To resolve this issue, run:

        bin/rails db:migrate RAILS_ENV=development

):
  
activerecord (5.0.7) lib/active_record/migration.rb:573:in `check_pending!'
activerecord (5.0.7) lib/active_record/migration.rb:549:in `call'
actionpack (5.0.7) lib/action_dispatch/middleware/callbacks.rb:38:in `block in call'
activesupport (5.0.7) lib/active_support/callbacks.rb:97:in `__run_callbacks__'
activesupport (5.0.7) lib/active_support/callbacks.rb:750:in `_run_call_callbacks'
activesupport (5.0.7) lib/active_support/callbacks.rb:90:in `run_callbacks'
actionpack (5.0.7) lib/action_dispatch/middleware/callbacks.rb:36:in `call'
actionpack (5.0.7) lib/action_dispatch/middleware/executor.rb:12:in `call'
actionpack (5.0.7) lib/action_dispatch/middleware/remote_ip.rb:79:in `call'
actionpack (5.0.7) lib/action_dispatch/middleware/debug_exceptions.rb:49:in `call'
actionpack (5.0.7) lib/action_dispatch/middleware/show_exceptions.rb:31:in `call'
railties (5.0.7) lib/rails/rack/logger.rb:36:in `call_app'
railties (5.0.7) lib/rails/rack/logger.rb:24:in `block in call'
activesupport (5.0.7) lib/active_support/tagged_logging.rb:69:in `block in tagged'
activesupport (5.0.7) lib/active_support/tagged_logging.rb:26:in `tagged'
activesupport (5.0.7) lib/active_support/tagged_logging.rb:69:in `tagged'
railties (5.0.7) lib/rails/rack/logger.rb:24:in `call'
actionpack (5.0.7) lib/action_dispatch/middleware/request_id.rb:24:in `call'
rack (2.0.5) lib/rack/method_override.rb:22:in `call'
rack (2.0.5) lib/rack/runtime.rb:22:in `call'
activesupport (5.0.7) lib/active_support/cache/strategy/local_cache_middleware.rb:28:in `call'
actionpack (5.0.7) lib/action_dispatch/middleware/executor.rb:12:in `call'
actionpack (5.0.7) lib/action_dispatch/middleware/static.rb:136:in `call'
rack (2.0.5) lib/rack/sendfile.rb:111:in `call'
railties (5.0.7) lib/rails/engine.rb:522:in `call'
rack (2.0.5) lib/rack/lint.rb:49:in `_call'
rack (2.0.5) lib/rack/lint.rb:37:in `call'
rack (2.0.5) lib/rack/show_exceptions.rb:23:in `call'
rack (2.0.5) lib/rack/common_logger.rb:33:in `call'
shotgun (0.9.2) lib/shotgun/loader.rb:86:in `proceed_as_child'
shotgun (0.9.2) lib/shotgun/loader.rb:31:in `call!'
shotgun (0.9.2) lib/shotgun/loader.rb:18:in `call'
shotgun (0.9.2) lib/shotgun/favicon.rb:12:in `call'
shotgun (0.9.2) lib/shotgun/static.rb:14:in `call'
rack (2.0.5) lib/rack/urlmap.rb:68:in `block in call'
rack (2.0.5) lib/rack/urlmap.rb:53:in `each'
rack (2.0.5) lib/rack/urlmap.rb:53:in `call'
rack (2.0.5) lib/rack/builder.rb:153:in `call'
thin (1.7.2) lib/thin/connection.rb:86:in `block in pre_process'
thin (1.7.2) lib/thin/connection.rb:84:in `catch'
thin (1.7.2) lib/thin/connection.rb:84:in `pre_process'
thin (1.7.2) lib/thin/connection.rb:53:in `process'
thin (1.7.2) lib/thin/connection.rb:39:in `receive_data'
eventmachine (1.2.7) lib/eventmachine.rb:195:in `run_machine'
eventmachine (1.2.7) lib/eventmachine.rb:195:in `run'
thin (1.7.2) lib/thin/backends/base.rb:73:in `start'
thin (1.7.2) lib/thin/server.rb:162:in `start'
rack (2.0.5) lib/rack/handler/thin.rb:22:in `run'
shotgun (0.9.2) bin/shotgun:156:in `<top (required)>'
/usr/local/rvm/gems/ruby-2.3.1/bin/shotgun:23:in `load'
/usr/local/rvm/gems/ruby-2.3.1/bin/shotgun:23:in `<main>'
  Rendering /usr/local/rvm/gems/ruby-2.3.1/gems/actionpack-5.0.7/lib/action_dispatch/middleware/templates/rescues/diagnostics.html.erb within rescues/layout
  Rendering /usr/local/rvm/gems/ruby-2.3.1/gems/actionpack-5.0.7/lib/action_dispatch/middleware/templates/rescues/_source.html.erb
  Rendered /usr/local/rvm/gems/ruby-2.3.1/gems/actionpack-5.0.7/lib/action_dispatch/middleware/templates/rescues/_source.html.erb (2.3ms)
  Rendering /usr/local/rvm/gems/ruby-2.3.1/gems/actionpack-5.0.7/lib/action_dispatch/middleware/templates/rescues/_trace.html.erb
  Rendered /usr/local/rvm/gems/ruby-2.3.1/gems/actionpack-5.0.7/lib/action_dispatch/middleware/templates/rescues/_trace.html.erb (1.5ms)
  Rendering /usr/local/rvm/gems/ruby-2.3.1/gems/actionpack-5.0.7/lib/action_dispatch/middleware/templates/rescues/_request_and_response.html.erb
  Rendered /usr/local/rvm/gems/ruby-2.3.1/gems/actionpack-5.0.7/lib/action_dispatch/middleware/templates/rescues/_request_and_response.html.erb (0.7ms)
  Rendered /usr/local/rvm/gems/ruby-2.3.1/gems/actionpack-5.0.7/lib/action_dispatch/middleware/templates/rescues/diagnostics.html.erb within rescues/layout (27.7ms)
DEPRECATION WARNING: ActiveRecord::Base.raise_in_transactional_callbacks= is deprecated, has no effect and will be removed without replacement. (called from load at /usr/local/rvm/gems/ruby-2.3.1/bin/rake:23)
  [1m[35m (4.1ms)[0m  [1m[35mCREATE TABLE "schema_migrations" ("version" varchar NOT NULL PRIMARY KEY)[0m
  [1m[35m (2.7ms)[0m  [1m[35mCREATE TABLE "ar_internal_metadata" ("key" varchar NOT NULL PRIMARY KEY, "value" varchar, "created_at" datetime NOT NULL, "updated_at" datetime NOT NULL)[0m
  [1m[36mActiveRecord::SchemaMigration Load (0.1ms)[0m  [1m[34mSELECT "schema_migrations".* FROM "schema_migrations"[0m
Migrating to CreateStudents (1)
  [1m[35m (0.1ms)[0m  [1m[36mbegin transaction[0m
DEPRECATION WARNING: Directly inheriting from ActiveRecord::Migration is deprecated. Please specify the Rails release the migration was written for:

  class CreateStudents < ActiveRecord::Migration[4.2] (called from load at /usr/local/rvm/gems/ruby-2.3.1/bin/rake:23)
  [1m[35m (0.7ms)[0m  [1m[35mCREATE TABLE "students" ("id" INTEGER PRIMARY KEY AUTOINCREMENT NOT NULL, "first_name" varchar, "last_name" varchar, "created_at" datetime NOT NULL, "updated_at" datetime NOT NULL)[0m
  [1m[35mSQL (0.1ms)[0m  [1m[32mINSERT INTO "schema_migrations" ("version") VALUES (?)[0m  [["version", "1"]]
  [1m[35m (3.0ms)[0m  [1m[36mcommit transaction[0m
  [1m[36mActiveRecord::InternalMetadata Load (0.2ms)[0m  [1m[34mSELECT  "ar_internal_metadata".* FROM "ar_internal_metadata" WHERE "ar_internal_metadata"."key" = ? LIMIT ?[0m  [["key", "environment"], ["LIMIT", 1]]
  [1m[35m (0.1ms)[0m  [1m[36mbegin transaction[0m
  [1m[35mSQL (0.2ms)[0m  [1m[32mINSERT INTO "ar_internal_metadata" ("key", "value", "created_at", "updated_at") VALUES (?, ?, ?, ?)[0m  [["key", "environment"], ["value", "development"], ["created_at", "2018-06-10 19:14:29.605477"], ["updated_at", "2018-06-10 19:14:29.605477"]]
  [1m[35m (3.1ms)[0m  [1m[36mcommit transaction[0m
  [1m[36mActiveRecord::SchemaMigration Load (0.1ms)[0m  [1m[34mSELECT "schema_migrations".* FROM "schema_migrations"[0m
Started GET "/" for 64.231.138.4 at 2018-06-10 19:14:51 +0000
DEPRECATION WARNING: ActiveRecord::Base.raise_in_transactional_callbacks= is deprecated, has no effect and will be removed without replacement. (called from load at /usr/local/rvm/gems/ruby-2.3.1/bin/shotgun:23)
  [1m[36mActiveRecord::SchemaMigration Load (0.2ms)[0m  [1m[34mSELECT "schema_migrations".* FROM "schema_migrations"[0m
Processing by Rails::WelcomeController#index as HTML
  Parameters: {"internal"=>true}
  Rendering /usr/local/rvm/gems/ruby-2.3.1/gems/railties-5.0.7/lib/rails/templates/rails/welcome/index.html.erb
  Rendered /usr/local/rvm/gems/ruby-2.3.1/gems/railties-5.0.7/lib/rails/templates/rails/welcome/index.html.erb (5.0ms)
Completed 200 OK in 20ms (Views: 10.0ms | ActiveRecord: 0.0ms)


Started GET "/index" for 64.231.138.4 at 2018-06-10 19:15:39 +0000
DEPRECATION WARNING: ActiveRecord::Base.raise_in_transactional_callbacks= is deprecated, has no effect and will be removed without replacement. (called from load at /usr/local/rvm/gems/ruby-2.3.1/bin/shotgun:23)
  [1m[36mActiveRecord::SchemaMigration Load (0.2ms)[0m  [1m[34mSELECT "schema_migrations".* FROM "schema_migrations"[0m
  
ActionController::RoutingError (No route matches [GET] "/index"):
  
actionpack (5.0.7) lib/action_dispatch/middleware/debug_exceptions.rb:53:in `call'
actionpack (5.0.7) lib/action_dispatch/middleware/show_exceptions.rb:31:in `call'
railties (5.0.7) lib/rails/rack/logger.rb:36:in `call_app'
railties (5.0.7) lib/rails/rack/logger.rb:24:in `block in call'
activesupport (5.0.7) lib/active_support/tagged_logging.rb:69:in `block in tagged'
activesupport (5.0.7) lib/active_support/tagged_logging.rb:26:in `tagged'
activesupport (5.0.7) lib/active_support/tagged_logging.rb:69:in `tagged'
railties (5.0.7) lib/rails/rack/logger.rb:24:in `call'
actionpack (5.0.7) lib/action_dispatch/middleware/request_id.rb:24:in `call'
rack (2.0.5) lib/rack/method_override.rb:22:in `call'
rack (2.0.5) lib/rack/runtime.rb:22:in `call'
activesupport (5.0.7) lib/active_support/cache/strategy/local_cache_middleware.rb:28:in `call'
actionpack (5.0.7) lib/action_dispatch/middleware/executor.rb:12:in `call'
actionpack (5.0.7) lib/action_dispatch/middleware/static.rb:136:in `call'
rack (2.0.5) lib/rack/sendfile.rb:111:in `call'
railties (5.0.7) lib/rails/engine.rb:522:in `call'
rack (2.0.5) lib/rack/lint.rb:49:in `_call'
rack (2.0.5) lib/rack/lint.rb:37:in `call'
rack (2.0.5) lib/rack/show_exceptions.rb:23:in `call'
rack (2.0.5) lib/rack/common_logger.rb:33:in `call'
shotgun (0.9.2) lib/shotgun/loader.rb:86:in `proceed_as_child'
shotgun (0.9.2) lib/shotgun/loader.rb:31:in `call!'
shotgun (0.9.2) lib/shotgun/loader.rb:18:in `call'
shotgun (0.9.2) lib/shotgun/favicon.rb:12:in `call'
shotgun (0.9.2) lib/shotgun/static.rb:14:in `call'
rack (2.0.5) lib/rack/urlmap.rb:68:in `block in call'
rack (2.0.5) lib/rack/urlmap.rb:53:in `each'
rack (2.0.5) lib/rack/urlmap.rb:53:in `call'
rack (2.0.5) lib/rack/builder.rb:153:in `call'
thin (1.7.2) lib/thin/connection.rb:86:in `block in pre_process'
thin (1.7.2) lib/thin/connection.rb:84:in `catch'
thin (1.7.2) lib/thin/connection.rb:84:in `pre_process'
thin (1.7.2) lib/thin/connection.rb:53:in `process'
thin (1.7.2) lib/thin/connection.rb:39:in `receive_data'
eventmachine (1.2.7) lib/eventmachine.rb:195:in `run_machine'
eventmachine (1.2.7) lib/eventmachine.rb:195:in `run'
thin (1.7.2) lib/thin/backends/base.rb:73:in `start'
thin (1.7.2) lib/thin/server.rb:162:in `start'
rack (2.0.5) lib/rack/handler/thin.rb:22:in `run'
shotgun (0.9.2) bin/shotgun:156:in `<top (required)>'
/usr/local/rvm/gems/ruby-2.3.1/bin/shotgun:23:in `load'
/usr/local/rvm/gems/ruby-2.3.1/bin/shotgun:23:in `<main>'
  Rendering /usr/local/rvm/gems/ruby-2.3.1/gems/actionpack-5.0.7/lib/action_dispatch/middleware/templates/rescues/routing_error.html.erb within rescues/layout
  Rendering /usr/local/rvm/gems/ruby-2.3.1/gems/actionpack-5.0.7/lib/action_dispatch/middleware/templates/rescues/_trace.html.erb
  Rendered /usr/local/rvm/gems/ruby-2.3.1/gems/actionpack-5.0.7/lib/action_dispatch/middleware/templates/rescues/_trace.html.erb (1.4ms)
  Rendered collection of /usr/local/rvm/gems/ruby-2.3.1/gems/actionpack-5.0.7/lib/action_dispatch/middleware/templates/routes/_route.html.erb [3 times] (2.1ms)
  Rendered /usr/local/rvm/gems/ruby-2.3.1/gems/actionpack-5.0.7/lib/action_dispatch/middleware/templates/routes/_table.html.erb (7.0ms)
  Rendering /usr/local/rvm/gems/ruby-2.3.1/gems/actionpack-5.0.7/lib/action_dispatch/middleware/templates/rescues/_request_and_response.html.erb
  Rendered /usr/local/rvm/gems/ruby-2.3.1/gems/actionpack-5.0.7/lib/action_dispatch/middleware/templates/rescues/_request_and_response.html.erb (9.1ms)
  Rendered /usr/local/rvm/gems/ruby-2.3.1/gems/actionpack-5.0.7/lib/action_dispatch/middleware/templates/rescues/routing_error.html.erb within rescues/layout (45.9ms)
Started GET "/students/index" for 64.231.138.4 at 2018-06-10 19:15:57 +0000
DEPRECATION WARNING: ActiveRecord::Base.raise_in_transactional_callbacks= is deprecated, has no effect and will be removed without replacement. (called from load at /usr/local/rvm/gems/ruby-2.3.1/bin/shotgun:23)
  [1m[36mActiveRecord::SchemaMigration Load (0.1ms)[0m  [1m[34mSELECT "schema_migrations".* FROM "schema_migrations"[0m
Processing by StudentsController#show as HTML
  Parameters: {"id"=>"index"}
  [1m[36mStudent Load (0.1ms)[0m  [1m[34mSELECT  "students".* FROM "students" WHERE "students"."id" = ? LIMIT ?[0m  [["id", 0], ["LIMIT", 1]]
Completed 404 Not Found in 13ms (ActiveRecord: 0.7ms)


  
ActiveRecord::RecordNotFound (Couldn't find Student with 'id'=index):
  
app/controllers/students_controller.rb:14:in `set_student'
  Rendering /usr/local/rvm/gems/ruby-2.3.1/gems/actionpack-5.0.7/lib/action_dispatch/middleware/templates/rescues/diagnostics.html.erb within rescues/layout
  Rendering /usr/local/rvm/gems/ruby-2.3.1/gems/actionpack-5.0.7/lib/action_dispatch/middleware/templates/rescues/_source.html.erb
  Rendered /usr/local/rvm/gems/ruby-2.3.1/gems/actionpack-5.0.7/lib/action_dispatch/middleware/templates/rescues/_source.html.erb (3.3ms)
  Rendering /usr/local/rvm/gems/ruby-2.3.1/gems/actionpack-5.0.7/lib/action_dispatch/middleware/templates/rescues/_trace.html.erb
  Rendered /usr/local/rvm/gems/ruby-2.3.1/gems/actionpack-5.0.7/lib/action_dispatch/middleware/templates/rescues/_trace.html.erb (1.6ms)
  Rendering /usr/local/rvm/gems/ruby-2.3.1/gems/actionpack-5.0.7/lib/action_dispatch/middleware/templates/rescues/_request_and_response.html.erb
  Rendered /usr/local/rvm/gems/ruby-2.3.1/gems/actionpack-5.0.7/lib/action_dispatch/middleware/templates/rescues/_request_and_response.html.erb (0.8ms)
  Rendered /usr/local/rvm/gems/ruby-2.3.1/gems/actionpack-5.0.7/lib/action_dispatch/middleware/templates/rescues/diagnostics.html.erb within rescues/layout (24.5ms)
Started GET "/students/1" for 64.231.138.4 at 2018-06-10 19:16:11 +0000
DEPRECATION WARNING: ActiveRecord::Base.raise_in_transactional_callbacks= is deprecated, has no effect and will be removed without replacement. (called from load at /usr/local/rvm/gems/ruby-2.3.1/bin/shotgun:23)
  [1m[36mActiveRecord::SchemaMigration Load (0.2ms)[0m  [1m[34mSELECT "schema_migrations".* FROM "schema_migrations"[0m
Processing by StudentsController#show as HTML
  Parameters: {"id"=>"1"}
  [1m[36mStudent Load (0.2ms)[0m  [1m[34mSELECT  "students".* FROM "students" WHERE "students"."id" = ? LIMIT ?[0m  [["id", 1], ["LIMIT", 1]]
Completed 404 Not Found in 14ms (ActiveRecord: 0.7ms)


  
ActiveRecord::RecordNotFound (Couldn't find Student with 'id'=1):
  
app/controllers/students_controller.rb:14:in `set_student'
  Rendering /usr/local/rvm/gems/ruby-2.3.1/gems/actionpack-5.0.7/lib/action_dispatch/middleware/templates/rescues/diagnostics.html.erb within rescues/layout
  Rendering /usr/local/rvm/gems/ruby-2.3.1/gems/actionpack-5.0.7/lib/action_dispatch/middleware/templates/rescues/_source.html.erb
  Rendered /usr/local/rvm/gems/ruby-2.3.1/gems/actionpack-5.0.7/lib/action_dispatch/middleware/templates/rescues/_source.html.erb (3.4ms)
  Rendering /usr/local/rvm/gems/ruby-2.3.1/gems/actionpack-5.0.7/lib/action_dispatch/middleware/templates/rescues/_trace.html.erb
  Rendered /usr/local/rvm/gems/ruby-2.3.1/gems/actionpack-5.0.7/lib/action_dispatch/middleware/templates/rescues/_trace.html.erb (1.7ms)
  Rendering /usr/local/rvm/gems/ruby-2.3.1/gems/actionpack-5.0.7/lib/action_dispatch/middleware/templates/rescues/_request_and_response.html.erb
  Rendered /usr/local/rvm/gems/ruby-2.3.1/gems/actionpack-5.0.7/lib/action_dispatch/middleware/templates/rescues/_request_and_response.html.erb (1.0ms)
  Rendered /usr/local/rvm/gems/ruby-2.3.1/gems/actionpack-5.0.7/lib/action_dispatch/middleware/templates/rescues/diagnostics.html.erb within rescues/layout (25.8ms)
Started GET "/students/1" for 64.231.138.4 at 2018-06-10 19:19:04 +0000
DEPRECATION WARNING: ActiveRecord::Base.raise_in_transactional_callbacks= is deprecated, has no effect and will be removed without replacement. (called from load at /usr/local/rvm/gems/ruby-2.3.1/bin/shotgun:23)
  [1m[36mActiveRecord::SchemaMigration Load (0.2ms)[0m  [1m[34mSELECT "schema_migrations".* FROM "schema_migrations"[0m
Processing by StudentsController#show as HTML
  Parameters: {"id"=>"1"}
  [1m[36mStudent Load (0.1ms)[0m  [1m[34mSELECT  "students".* FROM "students" WHERE "students"."id" = ? LIMIT ?[0m  [["id", 1], ["LIMIT", 1]]
Completed 404 Not Found in 14ms (ActiveRecord: 0.7ms)


  
ActiveRecord::RecordNotFound (Couldn't find Student with 'id'=1):
  
app/controllers/students_controller.rb:15:in `set_student'
  Rendering /usr/local/rvm/gems/ruby-2.3.1/gems/actionpack-5.0.7/lib/action_dispatch/middleware/templates/rescues/diagnostics.html.erb within rescues/layout
  Rendering /usr/local/rvm/gems/ruby-2.3.1/gems/actionpack-5.0.7/lib/action_dispatch/middleware/templates/rescues/_source.html.erb
  Rendered /usr/local/rvm/gems/ruby-2.3.1/gems/actionpack-5.0.7/lib/action_dispatch/middleware/templates/rescues/_source.html.erb (3.2ms)
  Rendering /usr/local/rvm/gems/ruby-2.3.1/gems/actionpack-5.0.7/lib/action_dispatch/middleware/templates/rescues/_trace.html.erb
  Rendered /usr/local/rvm/gems/ruby-2.3.1/gems/actionpack-5.0.7/lib/action_dispatch/middleware/templates/rescues/_trace.html.erb (1.7ms)
  Rendering /usr/local/rvm/gems/ruby-2.3.1/gems/actionpack-5.0.7/lib/action_dispatch/middleware/templates/rescues/_request_and_response.html.erb
  Rendered /usr/local/rvm/gems/ruby-2.3.1/gems/actionpack-5.0.7/lib/action_dispatch/middleware/templates/rescues/_request_and_response.html.erb (1.1ms)
  Rendered /usr/local/rvm/gems/ruby-2.3.1/gems/actionpack-5.0.7/lib/action_dispatch/middleware/templates/rescues/diagnostics.html.erb within rescues/layout (25.9ms)
Started GET "/" for 65.93.175.191 at 2018-07-13 14:40:29 +0000
DEPRECATION WARNING: ActiveRecord::Base.raise_in_transactional_callbacks= is deprecated, has no effect and will be removed without replacement. (called from load at /usr/local/rvm/gems/ruby-2.3.1/bin/shotgun:23)
  
ActiveRecord::PendingMigrationError (

Migrations are pending. To resolve this issue, run:

        bin/rails db:migrate RAILS_ENV=development

):
  
activerecord (5.0.7) lib/active_record/migration.rb:573:in `check_pending!'
activerecord (5.0.7) lib/active_record/migration.rb:549:in `call'
actionpack (5.0.7) lib/action_dispatch/middleware/callbacks.rb:38:in `block in call'
activesupport (5.0.7) lib/active_support/callbacks.rb:97:in `__run_callbacks__'
activesupport (5.0.7) lib/active_support/callbacks.rb:750:in `_run_call_callbacks'
activesupport (5.0.7) lib/active_support/callbacks.rb:90:in `run_callbacks'
actionpack (5.0.7) lib/action_dispatch/middleware/callbacks.rb:36:in `call'
actionpack (5.0.7) lib/action_dispatch/middleware/executor.rb:12:in `call'
actionpack (5.0.7) lib/action_dispatch/middleware/remote_ip.rb:79:in `call'
actionpack (5.0.7) lib/action_dispatch/middleware/debug_exceptions.rb:49:in `call'
actionpack (5.0.7) lib/action_dispatch/middleware/show_exceptions.rb:31:in `call'
railties (5.0.7) lib/rails/rack/logger.rb:36:in `call_app'
railties (5.0.7) lib/rails/rack/logger.rb:24:in `block in call'
activesupport (5.0.7) lib/active_support/tagged_logging.rb:69:in `block in tagged'
activesupport (5.0.7) lib/active_support/tagged_logging.rb:26:in `tagged'
activesupport (5.0.7) lib/active_support/tagged_logging.rb:69:in `tagged'
railties (5.0.7) lib/rails/rack/logger.rb:24:in `call'
actionpack (5.0.7) lib/action_dispatch/middleware/request_id.rb:24:in `call'
rack (2.0.5) lib/rack/method_override.rb:22:in `call'
rack (2.0.5) lib/rack/runtime.rb:22:in `call'
activesupport (5.0.7) lib/active_support/cache/strategy/local_cache_middleware.rb:28:in `call'
actionpack (5.0.7) lib/action_dispatch/middleware/executor.rb:12:in `call'
actionpack (5.0.7) lib/action_dispatch/middleware/static.rb:136:in `call'
rack (2.0.5) lib/rack/sendfile.rb:111:in `call'
railties (5.0.7) lib/rails/engine.rb:522:in `call'
rack (2.0.5) lib/rack/lint.rb:49:in `_call'
rack (2.0.5) lib/rack/lint.rb:37:in `call'
rack (2.0.5) lib/rack/show_exceptions.rb:23:in `call'
rack (2.0.5) lib/rack/common_logger.rb:33:in `call'
shotgun (0.9.2) lib/shotgun/loader.rb:86:in `proceed_as_child'
shotgun (0.9.2) lib/shotgun/loader.rb:31:in `call!'
shotgun (0.9.2) lib/shotgun/loader.rb:18:in `call'
shotgun (0.9.2) lib/shotgun/favicon.rb:12:in `call'
shotgun (0.9.2) lib/shotgun/static.rb:14:in `call'
rack (2.0.5) lib/rack/urlmap.rb:68:in `block in call'
rack (2.0.5) lib/rack/urlmap.rb:53:in `each'
rack (2.0.5) lib/rack/urlmap.rb:53:in `call'
rack (2.0.5) lib/rack/builder.rb:153:in `call'
thin (1.7.2) lib/thin/connection.rb:86:in `block in pre_process'
thin (1.7.2) lib/thin/connection.rb:84:in `catch'
thin (1.7.2) lib/thin/connection.rb:84:in `pre_process'
thin (1.7.2) lib/thin/connection.rb:53:in `process'
thin (1.7.2) lib/thin/connection.rb:39:in `receive_data'
eventmachine (1.2.7) lib/eventmachine.rb:195:in `run_machine'
eventmachine (1.2.7) lib/eventmachine.rb:195:in `run'
thin (1.7.2) lib/thin/backends/base.rb:73:in `start'
thin (1.7.2) lib/thin/server.rb:162:in `start'
rack (2.0.5) lib/rack/handler/thin.rb:22:in `run'
shotgun (0.9.2) bin/shotgun:156:in `<top (required)>'
/usr/local/rvm/gems/ruby-2.3.1/bin/shotgun:23:in `load'
/usr/local/rvm/gems/ruby-2.3.1/bin/shotgun:23:in `<main>'
  Rendering /usr/local/rvm/gems/ruby-2.3.1/gems/actionpack-5.0.7/lib/action_dispatch/middleware/templates/rescues/diagnostics.html.erb within rescues/layout
  Rendering /usr/local/rvm/gems/ruby-2.3.1/gems/actionpack-5.0.7/lib/action_dispatch/middleware/templates/rescues/_source.html.erb
  Rendered /usr/local/rvm/gems/ruby-2.3.1/gems/actionpack-5.0.7/lib/action_dispatch/middleware/templates/rescues/_source.html.erb (4.1ms)
  Rendering /usr/local/rvm/gems/ruby-2.3.1/gems/actionpack-5.0.7/lib/action_dispatch/middleware/templates/rescues/_trace.html.erb
  Rendered /usr/local/rvm/gems/ruby-2.3.1/gems/actionpack-5.0.7/lib/action_dispatch/middleware/templates/rescues/_trace.html.erb (3.8ms)
  Rendering /usr/local/rvm/gems/ruby-2.3.1/gems/actionpack-5.0.7/lib/action_dispatch/middleware/templates/rescues/_request_and_response.html.erb
  Rendered /usr/local/rvm/gems/ruby-2.3.1/gems/actionpack-5.0.7/lib/action_dispatch/middleware/templates/rescues/_request_and_response.html.erb (1.5ms)
  Rendered /usr/local/rvm/gems/ruby-2.3.1/gems/actionpack-5.0.7/lib/action_dispatch/middleware/templates/rescues/diagnostics.html.erb within rescues/layout (47.9ms)
DEPRECATION WARNING: ActiveRecord::Base.raise_in_transactional_callbacks= is deprecated, has no effect and will be removed without replacement. (called from load at /usr/local/rvm/gems/ruby-2.3.1/bin/rake:23)
  [1m[35m (6.4ms)[0m  [1m[35mCREATE TABLE "schema_migrations" ("version" varchar NOT NULL PRIMARY KEY)[0m
  [1m[35m (5.5ms)[0m  [1m[35mCREATE TABLE "ar_internal_metadata" ("key" varchar NOT NULL PRIMARY KEY, "value" varchar, "created_at" datetime NOT NULL, "updated_at" datetime NOT NULL)[0m
  [1m[36mActiveRecord::SchemaMigration Load (0.3ms)[0m  [1m[34mSELECT "schema_migrations".* FROM "schema_migrations"[0m
Migrating to CreateStudents (1)
  [1m[35m (0.2ms)[0m  [1m[36mbegin transaction[0m
DEPRECATION WARNING: Directly inheriting from ActiveRecord::Migration is deprecated. Please specify the Rails release the migration was written for:

  class CreateStudents < ActiveRecord::Migration[4.2] (called from load at /usr/local/rvm/gems/ruby-2.3.1/bin/rake:23)
  [1m[35m (0.6ms)[0m  [1m[35mCREATE TABLE "students" ("id" INTEGER PRIMARY KEY AUTOINCREMENT NOT NULL, "first_name" varchar, "last_name" varchar, "created_at" datetime NOT NULL, "updated_at" datetime NOT NULL)[0m
  [1m[35mSQL (0.3ms)[0m  [1m[32mINSERT INTO "schema_migrations" ("version") VALUES (?)[0m  [["version", "1"]]
  [1m[35m (35.3ms)[0m  [1m[36mcommit transaction[0m
  [1m[36mActiveRecord::InternalMetadata Load (0.4ms)[0m  [1m[34mSELECT  "ar_internal_metadata".* FROM "ar_internal_metadata" WHERE "ar_internal_metadata"."key" = ? LIMIT ?[0m  [["key", "environment"], ["LIMIT", 1]]
  [1m[35m (0.3ms)[0m  [1m[36mbegin transaction[0m
  [1m[35mSQL (0.5ms)[0m  [1m[32mINSERT INTO "ar_internal_metadata" ("key", "value", "created_at", "updated_at") VALUES (?, ?, ?, ?)[0m  [["key", "environment"], ["value", "development"], ["created_at", "2018-07-13 14:41:00.652347"], ["updated_at", "2018-07-13 14:41:00.652347"]]
  [1m[35m (6.4ms)[0m  [1m[36mcommit transaction[0m
  [1m[36mActiveRecord::SchemaMigration Load (0.2ms)[0m  [1m[34mSELECT "schema_migrations".* FROM "schema_migrations"[0m
DEPRECATION WARNING: ActiveRecord::Base.raise_in_transactional_callbacks= is deprecated, has no effect and will be removed without replacement. (called from load at /usr/local/rvm/gems/ruby-2.3.1/bin/rake:23)
  [1m[36mActiveRecord::SchemaMigration Load (0.3ms)[0m  [1m[34mSELECT "schema_migrations".* FROM "schema_migrations"[0m
DEPRECATION WARNING: ActiveRecord::Base.raise_in_transactional_callbacks= is deprecated, has no effect and will be removed without replacement. (called from load at /usr/local/rvm/gems/ruby-2.3.1/bin/rake:23)
  [1m[36mActiveRecord::SchemaMigration Load (0.3ms)[0m  [1m[34mSELECT "schema_migrations".* FROM "schema_migrations"[0m
DEPRECATION WARNING: ActiveRecord::Base.raise_in_transactional_callbacks= is deprecated, has no effect and will be removed without replacement. (called from load at /usr/local/rvm/gems/ruby-2.3.1/bin/rake:23)
  [1m[36mActiveRecord::SchemaMigration Load (0.4ms)[0m  [1m[34mSELECT "schema_migrations".* FROM "schema_migrations"[0m
  [1m[35m (0.2ms)[0m  [1m[36mbegin transaction[0m
  [1m[35mSQL (1.1ms)[0m  [1m[32mINSERT INTO "students" ("first_name", "last_name", "created_at", "updated_at") VALUES (?, ?, ?, ?)[0m  [["first_name", "ayesha"], ["last_name", "ansari"], ["created_at", "2018-07-13 14:43:04.608146"], ["updated_at", "2018-07-13 14:43:04.608146"]]
  [1m[35m (4.2ms)[0m  [1m[36mcommit transaction[0m
Started GET "/" for 65.93.175.191 at 2018-07-13 14:43:21 +0000
DEPRECATION WARNING: ActiveRecord::Base.raise_in_transactional_callbacks= is deprecated, has no effect and will be removed without replacement. (called from load at /usr/local/rvm/gems/ruby-2.3.1/bin/shotgun:23)
  [1m[36mActiveRecord::SchemaMigration Load (0.6ms)[0m  [1m[34mSELECT "schema_migrations".* FROM "schema_migrations"[0m
Processing by Rails::WelcomeController#index as HTML
  Parameters: {"internal"=>true}
  Rendering /usr/local/rvm/gems/ruby-2.3.1/gems/railties-5.0.7/lib/rails/templates/rails/welcome/index.html.erb
  Rendered /usr/local/rvm/gems/ruby-2.3.1/gems/railties-5.0.7/lib/rails/templates/rails/welcome/index.html.erb (6.2ms)
Completed 200 OK in 31ms (Views: 13.4ms | ActiveRecord: 0.0ms)


Started GET "/dd" for 65.93.175.191 at 2018-07-13 14:43:31 +0000
DEPRECATION WARNING: ActiveRecord::Base.raise_in_transactional_callbacks= is deprecated, has no effect and will be removed without replacement. (called from load at /usr/local/rvm/gems/ruby-2.3.1/bin/shotgun:23)
  [1m[36mActiveRecord::SchemaMigration Load (0.3ms)[0m  [1m[34mSELECT "schema_migrations".* FROM "schema_migrations"[0m
  
ActionController::RoutingError (No route matches [GET] "/dd"):
  
actionpack (5.0.7) lib/action_dispatch/middleware/debug_exceptions.rb:53:in `call'
actionpack (5.0.7) lib/action_dispatch/middleware/show_exceptions.rb:31:in `call'
railties (5.0.7) lib/rails/rack/logger.rb:36:in `call_app'
railties (5.0.7) lib/rails/rack/logger.rb:24:in `block in call'
activesupport (5.0.7) lib/active_support/tagged_logging.rb:69:in `block in tagged'
activesupport (5.0.7) lib/active_support/tagged_logging.rb:26:in `tagged'
activesupport (5.0.7) lib/active_support/tagged_logging.rb:69:in `tagged'
railties (5.0.7) lib/rails/rack/logger.rb:24:in `call'
actionpack (5.0.7) lib/action_dispatch/middleware/request_id.rb:24:in `call'
rack (2.0.5) lib/rack/method_override.rb:22:in `call'
rack (2.0.5) lib/rack/runtime.rb:22:in `call'
activesupport (5.0.7) lib/active_support/cache/strategy/local_cache_middleware.rb:28:in `call'
actionpack (5.0.7) lib/action_dispatch/middleware/executor.rb:12:in `call'
actionpack (5.0.7) lib/action_dispatch/middleware/static.rb:136:in `call'
rack (2.0.5) lib/rack/sendfile.rb:111:in `call'
railties (5.0.7) lib/rails/engine.rb:522:in `call'
rack (2.0.5) lib/rack/lint.rb:49:in `_call'
rack (2.0.5) lib/rack/lint.rb:37:in `call'
rack (2.0.5) lib/rack/show_exceptions.rb:23:in `call'
rack (2.0.5) lib/rack/common_logger.rb:33:in `call'
shotgun (0.9.2) lib/shotgun/loader.rb:86:in `proceed_as_child'
shotgun (0.9.2) lib/shotgun/loader.rb:31:in `call!'
shotgun (0.9.2) lib/shotgun/loader.rb:18:in `call'
shotgun (0.9.2) lib/shotgun/favicon.rb:12:in `call'
shotgun (0.9.2) lib/shotgun/static.rb:14:in `call'
rack (2.0.5) lib/rack/urlmap.rb:68:in `block in call'
rack (2.0.5) lib/rack/urlmap.rb:53:in `each'
rack (2.0.5) lib/rack/urlmap.rb:53:in `call'
rack (2.0.5) lib/rack/builder.rb:153:in `call'
thin (1.7.2) lib/thin/connection.rb:86:in `block in pre_process'
thin (1.7.2) lib/thin/connection.rb:84:in `catch'
thin (1.7.2) lib/thin/connection.rb:84:in `pre_process'
thin (1.7.2) lib/thin/connection.rb:53:in `process'
thin (1.7.2) lib/thin/connection.rb:39:in `receive_data'
eventmachine (1.2.7) lib/eventmachine.rb:195:in `run_machine'
eventmachine (1.2.7) lib/eventmachine.rb:195:in `run'
thin (1.7.2) lib/thin/backends/base.rb:73:in `start'
thin (1.7.2) lib/thin/server.rb:162:in `start'
rack (2.0.5) lib/rack/handler/thin.rb:22:in `run'
shotgun (0.9.2) bin/shotgun:156:in `<top (required)>'
/usr/local/rvm/gems/ruby-2.3.1/bin/shotgun:23:in `load'
/usr/local/rvm/gems/ruby-2.3.1/bin/shotgun:23:in `<main>'
  Rendering /usr/local/rvm/gems/ruby-2.3.1/gems/actionpack-5.0.7/lib/action_dispatch/middleware/templates/rescues/routing_error.html.erb within rescues/layout
  Rendering /usr/local/rvm/gems/ruby-2.3.1/gems/actionpack-5.0.7/lib/action_dispatch/middleware/templates/rescues/_trace.html.erb
  Rendered /usr/local/rvm/gems/ruby-2.3.1/gems/actionpack-5.0.7/lib/action_dispatch/middleware/templates/rescues/_trace.html.erb (2.9ms)
  Rendered collection of /usr/local/rvm/gems/ruby-2.3.1/gems/actionpack-5.0.7/lib/action_dispatch/middleware/templates/routes/_route.html.erb [2 times] (3.4ms)
  Rendered /usr/local/rvm/gems/ruby-2.3.1/gems/actionpack-5.0.7/lib/action_dispatch/middleware/templates/routes/_table.html.erb (14.6ms)
  Rendering /usr/local/rvm/gems/ruby-2.3.1/gems/actionpack-5.0.7/lib/action_dispatch/middleware/templates/rescues/_request_and_response.html.erb
  Rendered /usr/local/rvm/gems/ruby-2.3.1/gems/actionpack-5.0.7/lib/action_dispatch/middleware/templates/rescues/_request_and_response.html.erb (20.1ms)
  Rendered /usr/local/rvm/gems/ruby-2.3.1/gems/actionpack-5.0.7/lib/action_dispatch/middleware/templates/rescues/routing_error.html.erb within rescues/layout (89.1ms)
Started GET "/students" for 65.93.175.191 at 2018-07-13 14:45:34 +0000
DEPRECATION WARNING: ActiveRecord::Base.raise_in_transactional_callbacks= is deprecated, has no effect and will be removed without replacement. (called from load at /usr/local/rvm/gems/ruby-2.3.1/bin/shotgun:23)
  [1m[36mActiveRecord::SchemaMigration Load (0.2ms)[0m  [1m[34mSELECT "schema_migrations".* FROM "schema_migrations"[0m
  
SyntaxError (/home/ayesha-x-ansari/rails-dynamic-request-lab-v-000/app/controllers/students_controller.rb:9: syntax error, unexpected '<'
    <h1> dddddddddd</h1>
     ^
/home/ayesha-x-ansari/rails-dynamic-request-lab-v-000/app/controllers/students_controller.rb:9: unterminated regexp meets end of file
/home/ayesha-x-ansari/rails-dynamic-request-lab-v-000/app/controllers/students_controller.rb:9: syntax error, unexpected end-of-input, expecting keyword_end):
  
app/controllers/students_controller.rb:9: syntax error, unexpected '<'
app/controllers/students_controller.rb:9: unterminated regexp meets end of file
app/controllers/students_controller.rb:9: syntax error, unexpected end-of-input, expecting keyword_end
  Rendering /usr/local/rvm/gems/ruby-2.3.1/gems/actionpack-5.0.7/lib/action_dispatch/middleware/templates/rescues/diagnostics.html.erb within rescues/layout
  Rendering /usr/local/rvm/gems/ruby-2.3.1/gems/actionpack-5.0.7/lib/action_dispatch/middleware/templates/rescues/_source.html.erb
  Rendered /usr/local/rvm/gems/ruby-2.3.1/gems/actionpack-5.0.7/lib/action_dispatch/middleware/templates/rescues/_source.html.erb (4.9ms)
  Rendering /usr/local/rvm/gems/ruby-2.3.1/gems/actionpack-5.0.7/lib/action_dispatch/middleware/templates/rescues/_trace.html.erb
  Rendered /usr/local/rvm/gems/ruby-2.3.1/gems/actionpack-5.0.7/lib/action_dispatch/middleware/templates/rescues/_trace.html.erb (2.6ms)
  Rendering /usr/local/rvm/gems/ruby-2.3.1/gems/actionpack-5.0.7/lib/action_dispatch/middleware/templates/rescues/_request_and_response.html.erb
  Rendered /usr/local/rvm/gems/ruby-2.3.1/gems/actionpack-5.0.7/lib/action_dispatch/middleware/templates/rescues/_request_and_response.html.erb (12.6ms)
  Rendered /usr/local/rvm/gems/ruby-2.3.1/gems/actionpack-5.0.7/lib/action_dispatch/middleware/templates/rescues/diagnostics.html.erb within rescues/layout (50.5ms)
Started GET "/students" for 65.93.175.191 at 2018-07-13 14:47:07 +0000
DEPRECATION WARNING: ActiveRecord::Base.raise_in_transactional_callbacks= is deprecated, has no effect and will be removed without replacement. (called from load at /usr/local/rvm/gems/ruby-2.3.1/bin/shotgun:23)
  [1m[36mActiveRecord::SchemaMigration Load (0.3ms)[0m  [1m[34mSELECT "schema_migrations".* FROM "schema_migrations"[0m
Processing by StudentsController#index as HTML
  Rendering students/index.html.erb within layouts/application
  [1m[36mStudent Load (0.3ms)[0m  [1m[34mSELECT "students".* FROM "students"[0m
  Rendered students/index.html.erb within layouts/application (12.8ms)
Completed 200 OK in 752ms (Views: 729.3ms | ActiveRecord: 1.3ms)


Started GET "/assets/application.self-e80e8f2318043e8af94dddc2adad5a4f09739a8ebb323b3ab31cd71d45fd9113.css?body=1" for 65.93.175.191 at 2018-07-13 14:47:11 +0000
DEPRECATION WARNING: ActiveRecord::Base.raise_in_transactional_callbacks= is deprecated, has no effect and will be removed without replacement. (called from load at /usr/local/rvm/gems/ruby-2.3.1/bin/shotgun:23)
  [1m[36mActiveRecord::SchemaMigration Load (0.3ms)[0m  [1m[34mSELECT "schema_migrations".* FROM "schema_migrations"[0m
Started GET "/assets/jquery.self-bd7ddd393353a8d2480a622e80342adf488fb6006d667e8b42e4c0073393abee.js?body=1" for 65.93.175.191 at 2018-07-13 14:47:15 +0000
DEPRECATION WARNING: ActiveRecord::Base.raise_in_transactional_callbacks= is deprecated, has no effect and will be removed without replacement. (called from load at /usr/local/rvm/gems/ruby-2.3.1/bin/shotgun:23)
  [1m[36mActiveRecord::SchemaMigration Load (0.4ms)[0m  [1m[34mSELECT "schema_migrations".* FROM "schema_migrations"[0m
Started GET "/assets/jquery_ujs.self-784a997f6726036b1993eb2217c9cb558e1cbb801c6da88105588c56f13b466a.js?body=1" for 65.93.175.191 at 2018-07-13 14:47:18 +0000
DEPRECATION WARNING: ActiveRecord::Base.raise_in_transactional_callbacks= is deprecated, has no effect and will be removed without replacement. (called from load at /usr/local/rvm/gems/ruby-2.3.1/bin/shotgun:23)
  [1m[36mActiveRecord::SchemaMigration Load (0.4ms)[0m  [1m[34mSELECT "schema_migrations".* FROM "schema_migrations"[0m
Started GET "/assets/turbolinks.self-2db6ec539b9190f75e1d477b305df53d12904d5cafdd47c7ffd91ba25cbec128.js?body=1" for 65.93.175.191 at 2018-07-13 14:47:21 +0000
DEPRECATION WARNING: ActiveRecord::Base.raise_in_transactional_callbacks= is deprecated, has no effect and will be removed without replacement. (called from load at /usr/local/rvm/gems/ruby-2.3.1/bin/shotgun:23)
  [1m[36mActiveRecord::SchemaMigration Load (0.3ms)[0m  [1m[34mSELECT "schema_migrations".* FROM "schema_migrations"[0m
Started GET "/assets/application.self-3b8dabdc891efe46b9a144b400ad69e37d7e5876bdc39dee783419a69d7ca819.js?body=1" for 65.93.175.191 at 2018-07-13 14:47:24 +0000
DEPRECATION WARNING: ActiveRecord::Base.raise_in_transactional_callbacks= is deprecated, has no effect and will be removed without replacement. (called from load at /usr/local/rvm/gems/ruby-2.3.1/bin/shotgun:23)
  [1m[36mActiveRecord::SchemaMigration Load (0.3ms)[0m  [1m[34mSELECT "schema_migrations".* FROM "schema_migrations"[0m
Started GET "/dd" for 65.93.175.191 at 2018-07-13 14:47:28 +0000
DEPRECATION WARNING: ActiveRecord::Base.raise_in_transactional_callbacks= is deprecated, has no effect and will be removed without replacement. (called from load at /usr/local/rvm/gems/ruby-2.3.1/bin/shotgun:23)
  [1m[36mActiveRecord::SchemaMigration Load (0.3ms)[0m  [1m[34mSELECT "schema_migrations".* FROM "schema_migrations"[0m
  
ActionController::RoutingError (No route matches [GET] "/dd"):
  
actionpack (5.0.7) lib/action_dispatch/middleware/debug_exceptions.rb:53:in `call'
actionpack (5.0.7) lib/action_dispatch/middleware/show_exceptions.rb:31:in `call'
railties (5.0.7) lib/rails/rack/logger.rb:36:in `call_app'
railties (5.0.7) lib/rails/rack/logger.rb:24:in `block in call'
activesupport (5.0.7) lib/active_support/tagged_logging.rb:69:in `block in tagged'
activesupport (5.0.7) lib/active_support/tagged_logging.rb:26:in `tagged'
activesupport (5.0.7) lib/active_support/tagged_logging.rb:69:in `tagged'
railties (5.0.7) lib/rails/rack/logger.rb:24:in `call'
actionpack (5.0.7) lib/action_dispatch/middleware/request_id.rb:24:in `call'
rack (2.0.5) lib/rack/method_override.rb:22:in `call'
rack (2.0.5) lib/rack/runtime.rb:22:in `call'
activesupport (5.0.7) lib/active_support/cache/strategy/local_cache_middleware.rb:28:in `call'
actionpack (5.0.7) lib/action_dispatch/middleware/executor.rb:12:in `call'
actionpack (5.0.7) lib/action_dispatch/middleware/static.rb:136:in `call'
rack (2.0.5) lib/rack/sendfile.rb:111:in `call'
railties (5.0.7) lib/rails/engine.rb:522:in `call'
rack (2.0.5) lib/rack/lint.rb:49:in `_call'
rack (2.0.5) lib/rack/lint.rb:37:in `call'
rack (2.0.5) lib/rack/show_exceptions.rb:23:in `call'
rack (2.0.5) lib/rack/common_logger.rb:33:in `call'
shotgun (0.9.2) lib/shotgun/loader.rb:86:in `proceed_as_child'
shotgun (0.9.2) lib/shotgun/loader.rb:31:in `call!'
shotgun (0.9.2) lib/shotgun/loader.rb:18:in `call'
shotgun (0.9.2) lib/shotgun/favicon.rb:12:in `call'
shotgun (0.9.2) lib/shotgun/static.rb:14:in `call'
rack (2.0.5) lib/rack/urlmap.rb:68:in `block in call'
rack (2.0.5) lib/rack/urlmap.rb:53:in `each'
rack (2.0.5) lib/rack/urlmap.rb:53:in `call'
rack (2.0.5) lib/rack/builder.rb:153:in `call'
thin (1.7.2) lib/thin/connection.rb:86:in `block in pre_process'
thin (1.7.2) lib/thin/connection.rb:84:in `catch'
thin (1.7.2) lib/thin/connection.rb:84:in `pre_process'
thin (1.7.2) lib/thin/connection.rb:53:in `process'
thin (1.7.2) lib/thin/connection.rb:39:in `receive_data'
eventmachine (1.2.7) lib/eventmachine.rb:195:in `run_machine'
eventmachine (1.2.7) lib/eventmachine.rb:195:in `run'
thin (1.7.2) lib/thin/backends/base.rb:73:in `start'
thin (1.7.2) lib/thin/server.rb:162:in `start'
rack (2.0.5) lib/rack/handler/thin.rb:22:in `run'
shotgun (0.9.2) bin/shotgun:156:in `<top (required)>'
/usr/local/rvm/gems/ruby-2.3.1/bin/shotgun:23:in `load'
/usr/local/rvm/gems/ruby-2.3.1/bin/shotgun:23:in `<main>'
  Rendering /usr/local/rvm/gems/ruby-2.3.1/gems/actionpack-5.0.7/lib/action_dispatch/middleware/templates/rescues/routing_error.html.erb within rescues/layout
  Rendering /usr/local/rvm/gems/ruby-2.3.1/gems/actionpack-5.0.7/lib/action_dispatch/middleware/templates/rescues/_trace.html.erb
  Rendered /usr/local/rvm/gems/ruby-2.3.1/gems/actionpack-5.0.7/lib/action_dispatch/middleware/templates/rescues/_trace.html.erb (2.0ms)
  Rendered collection of /usr/local/rvm/gems/ruby-2.3.1/gems/actionpack-5.0.7/lib/action_dispatch/middleware/templates/routes/_route.html.erb [2 times] (2.3ms)
  Rendered /usr/local/rvm/gems/ruby-2.3.1/gems/actionpack-5.0.7/lib/action_dispatch/middleware/templates/routes/_table.html.erb (10.8ms)
  Rendering /usr/local/rvm/gems/ruby-2.3.1/gems/actionpack-5.0.7/lib/action_dispatch/middleware/templates/rescues/_request_and_response.html.erb
  Rendered /usr/local/rvm/gems/ruby-2.3.1/gems/actionpack-5.0.7/lib/action_dispatch/middleware/templates/rescues/_request_and_response.html.erb (13.2ms)
  Rendered /usr/local/rvm/gems/ruby-2.3.1/gems/actionpack-5.0.7/lib/action_dispatch/middleware/templates/rescues/routing_error.html.erb within rescues/layout (61.1ms)
Started GET "/students/1" for 65.93.175.191 at 2018-07-13 14:48:08 +0000
DEPRECATION WARNING: ActiveRecord::Base.raise_in_transactional_callbacks= is deprecated, has no effect and will be removed without replacement. (called from load at /usr/local/rvm/gems/ruby-2.3.1/bin/shotgun:23)
  [1m[36mActiveRecord::SchemaMigration Load (0.3ms)[0m  [1m[34mSELECT "schema_migrations".* FROM "schema_migrations"[0m
Processing by StudentsController#show as HTML
  Parameters: {"id"=>"1"}
  [1m[36mStudent Load (0.3ms)[0m  [1m[34mSELECT  "students".* FROM "students" WHERE "students"."id" = ? LIMIT ?[0m  [["id", 1], ["LIMIT", 1]]
  [1m[36mStudent Load (0.2ms)[0m  [1m[34mSELECT  "students".* FROM "students" WHERE "students"."id" = ? LIMIT ?[0m  [["id", 1], ["LIMIT", 1]]
  Rendering students/show.html.erb within layouts/application
  Rendered students/show.html.erb within layouts/application (2.5ms)
Completed 200 OK in 427ms (Views: 393.3ms | ActiveRecord: 1.5ms)


Started GET "/assets/jquery.self-bd7ddd393353a8d2480a622e80342adf488fb6006d667e8b42e4c0073393abee.js?body=1" for 65.93.175.191 at 2018-07-13 14:48:11 +0000
DEPRECATION WARNING: ActiveRecord::Base.raise_in_transactional_callbacks= is deprecated, has no effect and will be removed without replacement. (called from load at /usr/local/rvm/gems/ruby-2.3.1/bin/shotgun:23)
  [1m[36mActiveRecord::SchemaMigration Load (0.3ms)[0m  [1m[34mSELECT "schema_migrations".* FROM "schema_migrations"[0m
Started GET "/assets/jquery_ujs.self-784a997f6726036b1993eb2217c9cb558e1cbb801c6da88105588c56f13b466a.js?body=1" for 65.93.175.191 at 2018-07-13 14:48:15 +0000
DEPRECATION WARNING: ActiveRecord::Base.raise_in_transactional_callbacks= is deprecated, has no effect and will be removed without replacement. (called from load at /usr/local/rvm/gems/ruby-2.3.1/bin/shotgun:23)
  [1m[36mActiveRecord::SchemaMigration Load (0.3ms)[0m  [1m[34mSELECT "schema_migrations".* FROM "schema_migrations"[0m
Started GET "/assets/turbolinks.self-2db6ec539b9190f75e1d477b305df53d12904d5cafdd47c7ffd91ba25cbec128.js?body=1" for 65.93.175.191 at 2018-07-13 14:48:18 +0000
DEPRECATION WARNING: ActiveRecord::Base.raise_in_transactional_callbacks= is deprecated, has no effect and will be removed without replacement. (called from load at /usr/local/rvm/gems/ruby-2.3.1/bin/shotgun:23)
  [1m[36mActiveRecord::SchemaMigration Load (0.3ms)[0m  [1m[34mSELECT "schema_migrations".* FROM "schema_migrations"[0m
Started GET "/students/1" for 65.93.175.191 at 2018-07-13 14:49:48 +0000
DEPRECATION WARNING: ActiveRecord::Base.raise_in_transactional_callbacks= is deprecated, has no effect and will be removed without replacement. (called from load at /usr/local/rvm/gems/ruby-2.3.1/bin/shotgun:23)
  [1m[36mActiveRecord::SchemaMigration Load (0.3ms)[0m  [1m[34mSELECT "schema_migrations".* FROM "schema_migrations"[0m
Processing by StudentsController#show as HTML
  Parameters: {"id"=>"1"}
  [1m[36mStudent Load (0.4ms)[0m  [1m[34mSELECT  "students".* FROM "students" WHERE "students"."id" = ? LIMIT ?[0m  [["id", 1], ["LIMIT", 1]]
  [1m[36mStudent Load (0.2ms)[0m  [1m[34mSELECT  "students".* FROM "students" WHERE "students"."id" = ? LIMIT ?[0m  [["id", 1], ["LIMIT", 1]]
  Rendering students/show.html.erb within layouts/application
  Rendered students/show.html.erb within layouts/application (3.1ms)
Completed 200 OK in 362ms (Views: 318.6ms | ActiveRecord: 1.8ms)


Started GET "/students" for 65.93.175.191 at 2018-07-13 14:49:57 +0000
DEPRECATION WARNING: ActiveRecord::Base.raise_in_transactional_callbacks= is deprecated, has no effect and will be removed without replacement. (called from load at /usr/local/rvm/gems/ruby-2.3.1/bin/shotgun:23)
  [1m[36mActiveRecord::SchemaMigration Load (0.3ms)[0m  [1m[34mSELECT "schema_migrations".* FROM "schema_migrations"[0m
Processing by StudentsController#index as HTML
  Rendering students/index.html.erb within layouts/application
  [1m[36mStudent Load (0.3ms)[0m  [1m[34mSELECT "students".* FROM "students"[0m
  Rendered students/index.html.erb within layouts/application (13.2ms)
Completed 200 OK in 397ms (Views: 377.7ms | ActiveRecord: 1.3ms)


Started GET "/students" for 65.93.175.191 at 2018-07-13 14:53:52 +0000
DEPRECATION WARNING: ActiveRecord::Base.raise_in_transactional_callbacks= is deprecated, has no effect and will be removed without replacement. (called from load at /usr/local/rvm/gems/ruby-2.3.1/bin/shotgun:23)
  [1m[36mActiveRecord::SchemaMigration Load (0.3ms)[0m  [1m[34mSELECT "schema_migrations".* FROM "schema_migrations"[0m
Processing by StudentsController#index as HTML
  Rendering students/index.html.erb within layouts/application
  [1m[36mStudent Load (0.3ms)[0m  [1m[34mSELECT "students".* FROM "students"[0m
  Rendered students/index.html.erb within layouts/application (15.7ms)
Completed 200 OK in 339ms (Views: 314.8ms | ActiveRecord: 1.4ms)


Started GET "/students" for 65.93.175.191 at 2018-07-13 14:56:44 +0000
DEPRECATION WARNING: ActiveRecord::Base.raise_in_transactional_callbacks= is deprecated, has no effect and will be removed without replacement. (called from load at /usr/local/rvm/gems/ruby-2.3.1/bin/shotgun:23)
  [1m[36mActiveRecord::SchemaMigration Load (0.4ms)[0m  [1m[34mSELECT "schema_migrations".* FROM "schema_migrations"[0m
Processing by StudentsController#index as HTML
  Rendering students/index.html.erb within layouts/application
  [1m[36mStudent Load (0.2ms)[0m  [1m[34mSELECT "students".* FROM "students"[0m
  Rendered students/index.html.erb within layouts/application (10.7ms)
Completed 200 OK in 306ms (Views: 288.7ms | ActiveRecord: 0.9ms)


Started GET "/students/1" for 65.93.175.191 at 2018-07-13 14:56:54 +0000
DEPRECATION WARNING: ActiveRecord::Base.raise_in_transactional_callbacks= is deprecated, has no effect and will be removed without replacement. (called from load at /usr/local/rvm/gems/ruby-2.3.1/bin/shotgun:23)
  [1m[36mActiveRecord::SchemaMigration Load (0.3ms)[0m  [1m[34mSELECT "schema_migrations".* FROM "schema_migrations"[0m
Processing by StudentsController#show as HTML
  Parameters: {"id"=>"1"}
  [1m[36mStudent Load (0.3ms)[0m  [1m[34mSELECT  "students".* FROM "students" WHERE "students"."id" = ? LIMIT ?[0m  [["id", 1], ["LIMIT", 1]]
  [1m[36mStudent Load (0.2ms)[0m  [1m[34mSELECT  "students".* FROM "students" WHERE "students"."id" = ? LIMIT ?[0m  [["id", 1], ["LIMIT", 1]]
  Rendering students/show.html.erb within layouts/application
  Rendered students/show.html.erb within layouts/application (2.6ms)
Completed 200 OK in 376ms (Views: 340.0ms | ActiveRecord: 1.7ms)


